\BOOKMARK [1][-]{section.1}{\376\377\000L\000e\000\040\000p\000r\000o\000b\000l\000\350\000m\000e\000\040\000d\000e\000s\000\040\000m\000i\000s\000s\000i\000o\000n\000n\000a\000i\000r\000e\000s\000\040\000e\000t\000\040\000d\000e\000s\000\040\000c\000a\000n\000n\000i\000b\000a\000l\000e\000s}{}% 1
\BOOKMARK [2][-]{subsection.1.1}{\376\377\000R\000e\000p\000r\000\351\000s\000e\000n\000t\000a\000t\000i\000o\000n}{section.1}% 2
\BOOKMARK [2][-]{subsection.1.2}{\376\377\000E\000x\000e\000m\000p\000l\000e}{section.1}% 3
\BOOKMARK [3][-]{subsubsection.1.2.1}{\376\377\000\311\000t\000a\000p\000e\000\040\0000}{subsection.1.2}% 4
\BOOKMARK [3][-]{subsubsection.1.2.2}{\376\377\000\311\000t\000a\000p\000e\000\040\0001}{subsection.1.2}% 5
\BOOKMARK [3][-]{subsubsection.1.2.3}{\376\377\000\311\000t\000a\000p\000e\000\040\0002}{subsection.1.2}% 6
\BOOKMARK [3][-]{subsubsection.1.2.4}{\376\377\000\311\000t\000a\000p\000e\000\040\0003}{subsection.1.2}% 7
\BOOKMARK [3][-]{subsubsection.1.2.5}{\376\377\000\311\000t\000a\000p\000e\000\040\0004}{subsection.1.2}% 8
\BOOKMARK [3][-]{subsubsection.1.2.6}{\376\377\000\311\000t\000a\000p\000e\000\040\0005}{subsection.1.2}% 9
\BOOKMARK [3][-]{subsubsection.1.2.7}{\376\377\000\311\000t\000a\000p\000e\000\040\0006}{subsection.1.2}% 10
\BOOKMARK [3][-]{subsubsection.1.2.8}{\376\377\000\311\000t\000a\000p\000e\000\040\0007}{subsection.1.2}% 11
\BOOKMARK [3][-]{subsubsection.1.2.9}{\376\377\000\311\000t\000a\000p\000e\000\040\0008}{subsection.1.2}% 12
\BOOKMARK [3][-]{subsubsection.1.2.10}{\376\377\000\311\000t\000a\000p\000e\000\040\0009}{subsection.1.2}% 13
\BOOKMARK [3][-]{subsubsection.1.2.11}{\376\377\000\311\000t\000a\000p\000e\000\040\0001\0000}{subsection.1.2}% 14
\BOOKMARK [3][-]{subsubsection.1.2.12}{\376\377\000\311\000t\000a\000p\000e\000\040\0001\0001}{subsection.1.2}% 15
\BOOKMARK [2][-]{subsection.1.3}{\376\377\000S\000o\000l\000u\000t\000i\000o\000n\000\040\000c\000o\000m\000p\000l\000\350\000t\000e}{section.1}% 16
\BOOKMARK [1][-]{section.2}{\376\377\000E\000t\000u\000d\000e\000\040\000E\000x\000p\000\351\000r\000i\000m\000e\000n\000t\000a\000l\000e}{}% 17
\BOOKMARK [2][-]{subsection.2.1}{\376\377\000I\000m\000p\000l\000\351\000m\000e\000n\000t\000a\000t\000i\000o\000n\000\040\000d\000e\000\040\000l\000'\000A\000l\000g\000o\000r\000i\000t\000h\000m\000e}{section.2}% 18
\BOOKMARK [2][-]{subsection.2.2}{\376\377\000R\000\351\000s\000u\000l\000t\000a\000t\000s\000\040\000e\000t\000\040\000A\000n\000a\000l\000y\000s\000e}{section.2}% 19
\BOOKMARK [1][-]{section.3}{\376\377\000A\000m\000\351\000l\000i\000o\000r\000a\000t\000i\000o\000n\000s\000\040\000e\000t\000\040\000e\000x\000t\000e\000n\000t\000i\000o\000n\000s}{}% 20
\BOOKMARK [2][-]{subsubsection.3.0.1}{\376\377\000I\000m\000p\000l\000\351\000m\000e\000n\000t\000a\000t\000i\000o\000n\000\040\000d\000e\000\040\000l\000'\000a\000l\000g\000o\000r\000i\000t\000h\000m\000e\000\040\000A\000*}{section.3}% 21
\BOOKMARK [3][-]{subsubsection.3.0.2}{\376\377\000A\000p\000p\000l\000i\000c\000a\000t\000i\000o\000n\000\040\000\340\000\040\000d\000'\000a\000u\000t\000r\000e\000s\000\040\000p\000r\000o\000b\000l\000\350\000m\000e\000s}{subsubsection.3.0.1}% 22
\BOOKMARK [3][-]{subsubsection.3.0.3}{\376\377\000I\000n\000t\000\351\000g\000r\000a\000t\000i\000o\000n\000\040\000d\000e\000\040\000l\000'\000i\000n\000t\000e\000r\000f\000a\000c\000e\000\040\000g\000r\000a\000p\000h\000i\000q\000u\000e}{subsubsection.3.0.1}% 23
\BOOKMARK [3][-]{subsubsection.3.0.4}{\376\377\000I\000m\000p\000l\000\351\000m\000e\000n\000t\000a\000t\000i\000o\000n\000\040\000d\000e\000\040\000f\000o\000n\000c\000t\000i\000o\000n\000\040\000d\000'\000a\000n\000a\000l\000y\000s\000e}{subsubsection.3.0.1}% 24
\BOOKMARK [1][-]{section.4}{\376\377\000I\000m\000p\000l\000\351\000m\000e\000n\000t\000a\000t\000i\000o\000n\000\040\000e\000n\000\040\000P\000y\000t\000h\000o\000n}{}% 25
